{"meta": {"format": 3, "version": "7.13.2", "timestamp": "2026-01-31T15:33:34.088443", "branch_coverage": false, "show_contexts": false}, "files": {"executor/__init__.py": {"executed_lines": [3, 5], "summary": {"covered_lines": 2, "num_statements": 2, "percent_covered": 100.0, "percent_covered_display": "100", "missing_lines": 0, "excluded_lines": 0, "percent_statements_covered": 100.0, "percent_statements_covered_display": "100"}, "missing_lines": [], "excluded_lines": [], "functions": {"": {"executed_lines": [3, 5], "summary": {"covered_lines": 2, "num_statements": 2, "percent_covered": 100.0, "percent_covered_display": "100", "missing_lines": 0, "excluded_lines": 0, "percent_statements_covered": 100.0, "percent_statements_covered_display": "100"}, "missing_lines": [], "excluded_lines": [], "start_line": 1}}, "classes": {"": {"executed_lines": [3, 5], "summary": {"covered_lines": 2, "num_statements": 2, "percent_covered": 100.0, "percent_covered_display": "100", "missing_lines": 0, "excluded_lines": 0, "percent_statements_covered": 100.0, "percent_statements_covered_display": "100"}, "missing_lines": [], "excluded_lines": [], "start_line": 1}}}, "executor/skill_executor.py": {"executed_lines": [3, 5, 6, 7, 10, 13, 14, 15, 16, 17, 19, 28, 30, 44, 50, 51, 52, 54, 57, 58, 62, 79, 80, 86, 92, 94, 96, 100, 101, 108, 109, 111, 115, 117, 120, 121, 122, 124, 125, 127, 128, 129, 132, 133, 134, 136, 140, 142, 143, 144, 145, 146, 148, 151, 153, 155, 156, 157, 159, 160, 162, 163, 164, 166, 168, 170, 171, 174, 175, 178, 179, 180], "summary": {"covered_lines": 72, "num_statements": 83, "percent_covered": 86.74698795180723, "percent_covered_display": "87", "missing_lines": 11, "excluded_lines": 0, "percent_statements_covered": 86.74698795180723, "percent_statements_covered_display": "87"}, "missing_lines": [97, 98, 112, 130, 137, 138, 149, 172, 176, 181, 182], "excluded_lines": [], "functions": {"SkillExecutor.__init__": {"executed_lines": [14, 15, 16, 17], "summary": {"covered_lines": 4, "num_statements": 4, "percent_covered": 100.0, "percent_covered_display": "100", "missing_lines": 0, "excluded_lines": 0, "percent_statements_covered": 100.0, "percent_statements_covered_display": "100"}, "missing_lines": [], "excluded_lines": [], "start_line": 13}, "SkillExecutor.execute": {"executed_lines": [28, 30, 44, 50, 51, 52, 54, 57, 58, 62, 79, 80, 86, 92], "summary": {"covered_lines": 14, "num_statements": 14, "percent_covered": 100.0, "percent_covered_display": "100", "missing_lines": 0, "excluded_lines": 0, "percent_statements_covered": 100.0, "percent_statements_covered_display": "100"}, "missing_lines": [], "excluded_lines": [], "start_line": 19}, "SkillExecutor._handle_tool_call": {"executed_lines": [96, 100, 101, 108, 109, 111, 115], "summary": {"covered_lines": 7, "num_statements": 10, "percent_covered": 70.0, "percent_covered_display": "70", "missing_lines": 3, "excluded_lines": 0, "percent_statements_covered": 70.0, "percent_statements_covered_display": "70"}, "missing_lines": [97, 98, 112], "excluded_lines": [], "start_line": 94}, "SkillExecutor._execute_script": {"executed_lines": [120, 121, 122, 124, 125, 127, 128, 129, 132, 133, 134, 136, 140, 142, 143, 144, 145, 146, 148, 151], "summary": {"covered_lines": 20, "num_statements": 24, "percent_covered": 83.33333333333333, "percent_covered_display": "83", "missing_lines": 4, "excluded_lines": 0, "percent_statements_covered": 83.33333333333333, "percent_statements_covered_display": "83"}, "missing_lines": [130, 137, 138, 149], "excluded_lines": [], "start_line": 117}, "SkillExecutor._list_scripts": {"executed_lines": [155, 156, 157, 159, 160, 162, 163, 164, 166], "summary": {"covered_lines": 9, "num_statements": 9, "percent_covered": 100.0, "percent_covered_display": "100", "missing_lines": 0, "excluded_lines": 0, "percent_statements_covered": 100.0, "percent_statements_covered_display": "100"}, "missing_lines": [], "excluded_lines": [], "start_line": 153}, "SkillExecutor._read_script": {"executed_lines": [170, 171, 174, 175, 178, 179, 180], "summary": {"covered_lines": 7, "num_statements": 11, "percent_covered": 63.63636363636363, "percent_covered_display": "64", "missing_lines": 4, "excluded_lines": 0, "percent_statements_covered": 63.63636363636363, "percent_statements_covered_display": "64"}, "missing_lines": [172, 176, 181, 182], "excluded_lines": [], "start_line": 168}, "": {"executed_lines": [3, 5, 6, 7, 10, 13, 19, 94, 117, 153, 168], "summary": {"covered_lines": 11, "num_statements": 11, "percent_covered": 100.0, "percent_covered_display": "100", "missing_lines": 0, "excluded_lines": 0, "percent_statements_covered": 100.0, "percent_statements_covered_display": "100"}, "missing_lines": [], "excluded_lines": [], "start_line": 1}}, "classes": {"SkillExecutor": {"executed_lines": [14, 15, 16, 17, 28, 30, 44, 50, 51, 52, 54, 57, 58, 62, 79, 80, 86, 92, 96, 100, 101, 108, 109, 111, 115, 120, 121, 122, 124, 125, 127, 128, 129, 132, 133, 134, 136, 140, 142, 143, 144, 145, 146, 148, 151, 155, 156, 157, 159, 160, 162, 163, 164, 166, 170, 171, 174, 175, 178, 179, 180], "summary": {"covered_lines": 61, "num_statements": 72, "percent_covered": 84.72222222222223, "percent_covered_display": "85", "missing_lines": 11, "excluded_lines": 0, "percent_statements_covered": 84.72222222222223, "percent_statements_covered_display": "85"}, "missing_lines": [97, 98, 112, 130, 137, 138, 149, 172, 176, 181, 182], "excluded_lines": [], "start_line": 10}, "": {"executed_lines": [3, 5, 6, 7, 10, 13, 19, 94, 117, 153, 168], "summary": {"covered_lines": 11, "num_statements": 11, "percent_covered": 100.0, "percent_covered_display": "100", "missing_lines": 0, "excluded_lines": 0, "percent_statements_covered": 100.0, "percent_statements_covered_display": "100"}, "missing_lines": [], "excluded_lines": [], "start_line": 1}}}, "llm/__init__.py": {"executed_lines": [3, 4, 5, 6, 8], "summary": {"covered_lines": 5, "num_statements": 5, "percent_covered": 100.0, "percent_covered_display": "100", "missing_lines": 0, "excluded_lines": 0, "percent_statements_covered": 100.0, "percent_statements_covered_display": "100"}, "missing_lines": [], "excluded_lines": [], "functions": {"": {"executed_lines": [3, 4, 5, 6, 8], "summary": {"covered_lines": 5, "num_statements": 5, "percent_covered": 100.0, "percent_covered_display": "100", "missing_lines": 0, "excluded_lines": 0, "percent_statements_covered": 100.0, "percent_statements_covered_display": "100"}, "missing_lines": [], "excluded_lines": [], "start_line": 1}}, "classes": {"": {"executed_lines": [3, 4, 5, 6, 8], "summary": {"covered_lines": 5, "num_statements": 5, "percent_covered": 100.0, "percent_covered_display": "100", "missing_lines": 0, "excluded_lines": 0, "percent_statements_covered": 100.0, "percent_statements_covered_display": "100"}, "missing_lines": [], "excluded_lines": [], "start_line": 1}}}, "llm/anthropic.py": {"executed_lines": [4, 7, 8, 9, 10, 11, 13, 15, 16, 17, 27, 28, 29, 30, 31, 33, 35, 40, 41, 42, 43, 45, 47, 48, 50, 51, 52, 53, 54, 60, 61, 63], "summary": {"covered_lines": 32, "num_statements": 32, "percent_covered": 100.0, "percent_covered_display": "100", "missing_lines": 0, "excluded_lines": 0, "percent_statements_covered": 100.0, "percent_statements_covered_display": "100"}, "missing_lines": [], "excluded_lines": [], "functions": {"AnthropicAdapter.__init__": {"executed_lines": [8, 9, 10, 11], "summary": {"covered_lines": 4, "num_statements": 4, "percent_covered": 100.0, "percent_covered_display": "100", "missing_lines": 0, "excluded_lines": 0, "percent_statements_covered": 100.0, "percent_statements_covered_display": "100"}, "missing_lines": [], "excluded_lines": [], "start_line": 7}, "AnthropicAdapter.chat": {"executed_lines": [15, 16, 17, 27, 28, 29, 30, 31, 33, 35, 40, 41, 42, 43, 45, 47, 48, 50, 51, 52, 53, 54, 60, 61, 63], "summary": {"covered_lines": 25, "num_statements": 25, "percent_covered": 100.0, "percent_covered_display": "100", "missing_lines": 0, "excluded_lines": 0, "percent_statements_covered": 100.0, "percent_statements_covered_display": "100"}, "missing_lines": [], "excluded_lines": [], "start_line": 13}, "": {"executed_lines": [4, 7, 13], "summary": {"covered_lines": 3, "num_statements": 3, "percent_covered": 100.0, "percent_covered_display": "100", "missing_lines": 0, "excluded_lines": 0, "percent_statements_covered": 100.0, "percent_statements_covered_display": "100"}, "missing_lines": [], "excluded_lines": [], "start_line": 1}}, "classes": {"AnthropicAdapter": {"executed_lines": [8, 9, 10, 11, 15, 16, 17, 27, 28, 29, 30, 31, 33, 35, 40, 41, 42, 43, 45, 47, 48, 50, 51, 52, 53, 54, 60, 61, 63], "summary": {"covered_lines": 29, "num_statements": 29, "percent_covered": 100.0, "percent_covered_display": "100", "missing_lines": 0, "excluded_lines": 0, "percent_statements_covered": 100.0, "percent_statements_covered_display": "100"}, "missing_lines": [], "excluded_lines": [], "start_line": 4}, "": {"executed_lines": [4, 7, 13], "summary": {"covered_lines": 3, "num_statements": 3, "percent_covered": 100.0, "percent_covered_display": "100", "missing_lines": 0, "excluded_lines": 0, "percent_statements_covered": 100.0, "percent_statements_covered_display": "100"}, "missing_lines": [], "excluded_lines": [], "start_line": 1}}}, "llm/base.py": {"executed_lines": [3, 6, 9, 10], "summary": {"covered_lines": 4, "num_statements": 5, "percent_covered": 80.0, "percent_covered_display": "80", "missing_lines": 1, "excluded_lines": 0, "percent_statements_covered": 80.0, "percent_statements_covered_display": "80"}, "missing_lines": [15], "excluded_lines": [], "functions": {"LLMAdapter.chat": {"executed_lines": [], "summary": {"covered_lines": 0, "num_statements": 1, "percent_covered": 0.0, "percent_covered_display": "0", "missing_lines": 1, "excluded_lines": 0, "percent_statements_covered": 0.0, "percent_statements_covered_display": "0"}, "missing_lines": [15], "excluded_lines": [], "start_line": 10}, "": {"executed_lines": [3, 6, 9, 10], "summary": {"covered_lines": 4, "num_statements": 4, "percent_covered": 100.0, "percent_covered_display": "100", "missing_lines": 0, "excluded_lines": 0, "percent_statements_covered": 100.0, "percent_statements_covered_display": "100"}, "missing_lines": [], "excluded_lines": [], "start_line": 1}}, "classes": {"LLMAdapter": {"executed_lines": [], "summary": {"covered_lines": 0, "num_statements": 1, "percent_covered": 0.0, "percent_covered_display": "0", "missing_lines": 1, "excluded_lines": 0, "percent_statements_covered": 0.0, "percent_statements_covered_display": "0"}, "missing_lines": [15], "excluded_lines": [], "start_line": 6}, "": {"executed_lines": [3, 6, 9, 10], "summary": {"covered_lines": 4, "num_statements": 4, "percent_covered": 100.0, "percent_covered_display": "100", "missing_lines": 0, "excluded_lines": 0, "percent_statements_covered": 100.0, "percent_statements_covered_display": "100"}, "missing_lines": [], "excluded_lines": [], "start_line": 1}}}, "llm/factory.py": {"executed_lines": [3, 4, 5, 8, 10, 15, 16, 18], "summary": {"covered_lines": 8, "num_statements": 8, "percent_covered": 100.0, "percent_covered_display": "100", "missing_lines": 0, "excluded_lines": 0, "percent_statements_covered": 100.0, "percent_statements_covered_display": "100"}, "missing_lines": [], "excluded_lines": [], "functions": {"create_llm": {"executed_lines": [10, 15, 16, 18], "summary": {"covered_lines": 4, "num_statements": 4, "percent_covered": 100.0, "percent_covered_display": "100", "missing_lines": 0, "excluded_lines": 0, "percent_statements_covered": 100.0, "percent_statements_covered_display": "100"}, "missing_lines": [], "excluded_lines": [], "start_line": 8}, "": {"executed_lines": [3, 4, 5, 8], "summary": {"covered_lines": 4, "num_statements": 4, "percent_covered": 100.0, "percent_covered_display": "100", "missing_lines": 0, "excluded_lines": 0, "percent_statements_covered": 100.0, "percent_statements_covered_display": "100"}, "missing_lines": [], "excluded_lines": [], "start_line": 1}}, "classes": {"": {"executed_lines": [3, 4, 5, 8, 10, 15, 16, 18], "summary": {"covered_lines": 8, "num_statements": 8, "percent_covered": 100.0, "percent_covered_display": "100", "missing_lines": 0, "excluded_lines": 0, "percent_statements_covered": 100.0, "percent_statements_covered_display": "100"}, "missing_lines": [], "excluded_lines": [], "start_line": 1}}}, "llm/openai.py": {"executed_lines": [3, 4, 7, 10, 11, 12, 13, 15, 16, 20, 21, 22, 24, 25, 27, 28, 29, 37], "summary": {"covered_lines": 18, "num_statements": 18, "percent_covered": 100.0, "percent_covered_display": "100", "missing_lines": 0, "excluded_lines": 0, "percent_statements_covered": 100.0, "percent_statements_covered_display": "100"}, "missing_lines": [], "excluded_lines": [], "functions": {"OpenAIAdapter.__init__": {"executed_lines": [11, 12, 13], "summary": {"covered_lines": 3, "num_statements": 3, "percent_covered": 100.0, "percent_covered_display": "100", "missing_lines": 0, "excluded_lines": 0, "percent_statements_covered": 100.0, "percent_statements_covered_display": "100"}, "missing_lines": [], "excluded_lines": [], "start_line": 10}, "OpenAIAdapter.chat": {"executed_lines": [16, 20, 21, 22, 24, 25, 27, 28, 29, 37], "summary": {"covered_lines": 10, "num_statements": 10, "percent_covered": 100.0, "percent_covered_display": "100", "missing_lines": 0, "excluded_lines": 0, "percent_statements_covered": 100.0, "percent_statements_covered_display": "100"}, "missing_lines": [], "excluded_lines": [], "start_line": 15}, "": {"executed_lines": [3, 4, 7, 10, 15], "summary": {"covered_lines": 5, "num_statements": 5, "percent_covered": 100.0, "percent_covered_display": "100", "missing_lines": 0, "excluded_lines": 0, "percent_statements_covered": 100.0, "percent_statements_covered_display": "100"}, "missing_lines": [], "excluded_lines": [], "start_line": 1}}, "classes": {"OpenAIAdapter": {"executed_lines": [11, 12, 13, 16, 20, 21, 22, 24, 25, 27, 28, 29, 37], "summary": {"covered_lines": 13, "num_statements": 13, "percent_covered": 100.0, "percent_covered_display": "100", "missing_lines": 0, "excluded_lines": 0, "percent_statements_covered": 100.0, "percent_statements_covered_display": "100"}, "missing_lines": [], "excluded_lines": [], "start_line": 7}, "": {"executed_lines": [3, 4, 7, 10, 15], "summary": {"covered_lines": 5, "num_statements": 5, "percent_covered": 100.0, "percent_covered_display": "100", "missing_lines": 0, "excluded_lines": 0, "percent_statements_covered": 100.0, "percent_statements_covered_display": "100"}, "missing_lines": [], "excluded_lines": [], "start_line": 1}}}, "loaders/__init__.py": {"executed_lines": [3, 5], "summary": {"covered_lines": 2, "num_statements": 2, "percent_covered": 100.0, "percent_covered_display": "100", "missing_lines": 0, "excluded_lines": 0, "percent_statements_covered": 100.0, "percent_statements_covered_display": "100"}, "missing_lines": [], "excluded_lines": [], "functions": {"": {"executed_lines": [3, 5], "summary": {"covered_lines": 2, "num_statements": 2, "percent_covered": 100.0, "percent_covered_display": "100", "missing_lines": 0, "excluded_lines": 0, "percent_statements_covered": 100.0, "percent_statements_covered_display": "100"}, "missing_lines": [], "excluded_lines": [], "start_line": 1}}, "classes": {"": {"executed_lines": [3, 5], "summary": {"covered_lines": 2, "num_statements": 2, "percent_covered": 100.0, "percent_covered_display": "100", "missing_lines": 0, "excluded_lines": 0, "percent_statements_covered": 100.0, "percent_statements_covered_display": "100"}, "missing_lines": [], "excluded_lines": [], "start_line": 1}}}, "loaders/skill_loader.py": {"executed_lines": [3, 4, 5, 7, 10, 13, 21, 22, 23, 25, 27, 28, 30, 31, 32, 33, 34, 35, 36, 38, 40, 42, 43, 46, 47, 49, 50, 53, 54, 56, 57, 58, 59, 62, 64, 74, 76, 77, 79, 80, 82, 83, 84, 85, 87, 88, 95, 97, 99, 100, 102, 104, 105, 108, 109, 110, 113], "summary": {"covered_lines": 57, "num_statements": 61, "percent_covered": 93.44262295081967, "percent_covered_display": "93", "missing_lines": 4, "excluded_lines": 0, "percent_statements_covered": 93.44262295081967, "percent_statements_covered_display": "93"}, "missing_lines": [51, 106, 111, 112], "excluded_lines": [], "functions": {"SkillLoader.__init__": {"executed_lines": [22, 23], "summary": {"covered_lines": 2, "num_statements": 2, "percent_covered": 100.0, "percent_covered_display": "100", "missing_lines": 0, "excluded_lines": 0, "percent_statements_covered": 100.0, "percent_statements_covered_display": "100"}, "missing_lines": [], "excluded_lines": [], "start_line": 21}, "SkillLoader.load_all": {"executed_lines": [27, 28, 30, 31, 32, 33, 34, 35, 36, 38], "summary": {"covered_lines": 10, "num_statements": 10, "percent_covered": 100.0, "percent_covered_display": "100", "missing_lines": 0, "excluded_lines": 0, "percent_statements_covered": 100.0, "percent_statements_covered_display": "100"}, "missing_lines": [], "excluded_lines": [], "start_line": 25}, "SkillLoader._parse_skill": {"executed_lines": [42, 43, 46, 47, 49, 50, 53, 54, 56, 57, 58, 59, 62, 64], "summary": {"covered_lines": 14, "num_statements": 15, "percent_covered": 93.33333333333333, "percent_covered_display": "93", "missing_lines": 1, "excluded_lines": 0, "percent_statements_covered": 93.33333333333333, "percent_statements_covered_display": "93"}, "missing_lines": [51], "excluded_lines": [], "start_line": 40}, "SkillLoader._load_scripts": {"executed_lines": [76, 77, 79, 80, 82, 83, 84, 85, 87, 88, 95], "summary": {"covered_lines": 11, "num_statements": 11, "percent_covered": 100.0, "percent_covered_display": "100", "missing_lines": 0, "excluded_lines": 0, "percent_statements_covered": 100.0, "percent_statements_covered_display": "100"}, "missing_lines": [], "excluded_lines": [], "start_line": 74}, "SkillLoader._extract_script_description": {"executed_lines": [99, 100, 102, 104, 105, 108, 109, 110, 113], "summary": {"covered_lines": 9, "num_statements": 12, "percent_covered": 75.0, "percent_covered_display": "75", "missing_lines": 3, "excluded_lines": 0, "percent_statements_covered": 75.0, "percent_statements_covered_display": "75"}, "missing_lines": [106, 111, 112], "excluded_lines": [], "start_line": 97}, "": {"executed_lines": [3, 4, 5, 7, 10, 13, 21, 25, 40, 74, 97], "summary": {"covered_lines": 11, "num_statements": 11, "percent_covered": 100.0, "percent_covered_display": "100", "missing_lines": 0, "excluded_lines": 0, "percent_statements_covered": 100.0, "percent_statements_covered_display": "100"}, "missing_lines": [], "excluded_lines": [], "start_line": 1}}, "classes": {"SkillLoader": {"executed_lines": [22, 23, 27, 28, 30, 31, 32, 33, 34, 35, 36, 38, 42, 43, 46, 47, 49, 50, 53, 54, 56, 57, 58, 59, 62, 64, 76, 77, 79, 80, 82, 83, 84, 85, 87, 88, 95, 99, 100, 102, 104, 105, 108, 109, 110, 113], "summary": {"covered_lines": 46, "num_statements": 50, "percent_covered": 92.0, "percent_covered_display": "92", "missing_lines": 4, "excluded_lines": 0, "percent_statements_covered": 92.0, "percent_statements_covered_display": "92"}, "missing_lines": [51, 106, 111, 112], "excluded_lines": [], "start_line": 10}, "": {"executed_lines": [3, 4, 5, 7, 10, 13, 21, 25, 40, 74, 97], "summary": {"covered_lines": 11, "num_statements": 11, "percent_covered": 100.0, "percent_covered_display": "100", "missing_lines": 0, "excluded_lines": 0, "percent_statements_covered": 100.0, "percent_statements_covered_display": "100"}, "missing_lines": [], "excluded_lines": [], "start_line": 1}}}, "models/__init__.py": {"executed_lines": [3, 5], "summary": {"covered_lines": 2, "num_statements": 2, "percent_covered": 100.0, "percent_covered_display": "100", "missing_lines": 0, "excluded_lines": 0, "percent_statements_covered": 100.0, "percent_statements_covered_display": "100"}, "missing_lines": [], "excluded_lines": [], "functions": {"": {"executed_lines": [3, 5], "summary": {"covered_lines": 2, "num_statements": 2, "percent_covered": 100.0, "percent_covered_display": "100", "missing_lines": 0, "excluded_lines": 0, "percent_statements_covered": 100.0, "percent_statements_covered_display": "100"}, "missing_lines": [], "excluded_lines": [], "start_line": 1}}, "classes": {"": {"executed_lines": [3, 5], "summary": {"covered_lines": 2, "num_statements": 2, "percent_covered": 100.0, "percent_covered_display": "100", "missing_lines": 0, "excluded_lines": 0, "percent_statements_covered": 100.0, "percent_statements_covered_display": "100"}, "missing_lines": [], "excluded_lines": [], "start_line": 1}}}, "models/skill.py": {"executed_lines": [3, 4, 5, 6, 7, 10, 11, 13, 14, 15, 16, 18, 25, 27, 28, 29, 30, 36, 37, 40, 41, 49, 50, 51, 56, 57, 59, 60, 61, 62, 63, 64, 65, 67, 69, 70, 71, 75, 77, 86, 88, 89, 90, 91], "summary": {"covered_lines": 44, "num_statements": 48, "percent_covered": 91.66666666666667, "percent_covered_display": "92", "missing_lines": 4, "excluded_lines": 0, "percent_statements_covered": 91.66666666666667, "percent_statements_covered_display": "92"}, "missing_lines": [33, 38, 52, 53], "excluded_lines": [], "functions": {"SkillScript.execute": {"executed_lines": [25, 27, 28, 29, 30, 36, 37, 40, 41, 49, 50, 51], "summary": {"covered_lines": 12, "num_statements": 16, "percent_covered": 75.0, "percent_covered_display": "75", "missing_lines": 4, "excluded_lines": 0, "percent_statements_covered": 75.0, "percent_statements_covered_display": "75"}, "missing_lines": [33, 38, 52, 53], "excluded_lines": [], "start_line": 18}, "Skill.to_context": {"executed_lines": [69, 70, 71, 75, 77], "summary": {"covered_lines": 5, "num_statements": 5, "percent_covered": 100.0, "percent_covered_display": "100", "missing_lines": 0, "excluded_lines": 0, "percent_statements_covered": 100.0, "percent_statements_covered_display": "100"}, "missing_lines": [], "excluded_lines": [], "start_line": 67}, "Skill.get_script": {"executed_lines": [88, 89, 90, 91], "summary": {"covered_lines": 4, "num_statements": 4, "percent_covered": 100.0, "percent_covered_display": "100", "missing_lines": 0, "excluded_lines": 0, "percent_statements_covered": 100.0, "percent_statements_covered_display": "100"}, "missing_lines": [], "excluded_lines": [], "start_line": 86}, "": {"executed_lines": [3, 4, 5, 6, 7, 10, 11, 13, 14, 15, 16, 18, 56, 57, 59, 60, 61, 62, 63, 64, 65, 67, 86], "summary": {"covered_lines": 23, "num_statements": 23, "percent_covered": 100.0, "percent_covered_display": "100", "missing_lines": 0, "excluded_lines": 0, "percent_statements_covered": 100.0, "percent_statements_covered_display": "100"}, "missing_lines": [], "excluded_lines": [], "start_line": 1}}, "classes": {"SkillScript": {"executed_lines": [25, 27, 28, 29, 30, 36, 37, 40, 41, 49, 50, 51], "summary": {"covered_lines": 12, "num_statements": 16, "percent_covered": 75.0, "percent_covered_display": "75", "missing_lines": 4, "excluded_lines": 0, "percent_statements_covered": 75.0, "percent_statements_covered_display": "75"}, "missing_lines": [33, 38, 52, 53], "excluded_lines": [], "start_line": 11}, "Skill": {"executed_lines": [69, 70, 71, 75, 77, 88, 89, 90, 91], "summary": {"covered_lines": 9, "num_statements": 9, "percent_covered": 100.0, "percent_covered_display": "100", "missing_lines": 0, "excluded_lines": 0, "percent_statements_covered": 100.0, "percent_statements_covered_display": "100"}, "missing_lines": [], "excluded_lines": [], "start_line": 57}, "": {"executed_lines": [3, 4, 5, 6, 7, 10, 11, 13, 14, 15, 16, 18, 56, 57, 59, 60, 61, 62, 63, 64, 65, 67, 86], "summary": {"covered_lines": 23, "num_statements": 23, "percent_covered": 100.0, "percent_covered_display": "100", "missing_lines": 0, "excluded_lines": 0, "percent_statements_covered": 100.0, "percent_statements_covered_display": "100"}, "missing_lines": [], "excluded_lines": [], "start_line": 1}}}, "skill_executor.py": {"executed_lines": [], "summary": {"covered_lines": 0, "num_statements": 61, "percent_covered": 0.0, "percent_covered_display": "0", "missing_lines": 61, "excluded_lines": 0, "percent_statements_covered": 0.0, "percent_statements_covered_display": "0"}, "missing_lines": [13, 14, 16, 17, 18, 21, 22, 25, 26, 28, 31, 32, 34, 36, 39, 42, 43, 45, 46, 47, 48, 49, 51, 53, 54, 55, 56, 57, 58, 61, 62, 63, 65, 66, 67, 68, 69, 72, 75, 76, 77, 78, 79, 80, 81, 82, 83, 85, 86, 87, 88, 89, 90, 93, 94, 95, 97, 98, 100, 103, 104], "excluded_lines": [], "functions": {"main": {"executed_lines": [], "summary": {"covered_lines": 0, "num_statements": 53, "percent_covered": 0.0, "percent_covered_display": "0", "missing_lines": 53, "excluded_lines": 0, "percent_statements_covered": 0.0, "percent_statements_covered_display": "0"}, "missing_lines": [22, 25, 26, 28, 31, 32, 34, 36, 39, 42, 43, 45, 46, 47, 48, 49, 51, 53, 54, 55, 56, 57, 58, 61, 62, 63, 65, 66, 67, 68, 69, 72, 75, 76, 77, 78, 79, 80, 81, 82, 83, 85, 86, 87, 88, 89, 90, 93, 94, 95, 97, 98, 100], "excluded_lines": [], "start_line": 21}, "": {"executed_lines": [], "summary": {"covered_lines": 0, "num_statements": 8, "percent_covered": 0.0, "percent_covered_display": "0", "missing_lines": 8, "excluded_lines": 0, "percent_statements_covered": 0.0, "percent_statements_covered_display": "0"}, "missing_lines": [13, 14, 16, 17, 18, 21, 103, 104], "excluded_lines": [], "start_line": 1}}, "classes": {"": {"executed_lines": [], "summary": {"covered_lines": 0, "num_statements": 61, "percent_covered": 0.0, "percent_covered_display": "0", "missing_lines": 61, "excluded_lines": 0, "percent_statements_covered": 0.0, "percent_statements_covered_display": "0"}, "missing_lines": [13, 14, 16, 17, 18, 21, 22, 25, 26, 28, 31, 32, 34, 36, 39, 42, 43, 45, 46, 47, 48, 49, 51, 53, 54, 55, 56, 57, 58, 61, 62, 63, 65, 66, 67, 68, 69, 72, 75, 76, 77, 78, 79, 80, 81, 82, 83, 85, 86, 87, 88, 89, 90, 93, 94, 95, 97, 98, 100, 103, 104], "excluded_lines": [], "start_line": 1}}}, "tests/__init__.py": {"executed_lines": [], "summary": {"covered_lines": 0, "num_statements": 0, "percent_covered": 100.0, "percent_covered_display": "100", "missing_lines": 0, "excluded_lines": 0, "percent_statements_covered": 100.0, "percent_statements_covered_display": "100"}, "missing_lines": [], "excluded_lines": [], "functions": {"": {"executed_lines": [], "summary": {"covered_lines": 0, "num_statements": 0, "percent_covered": 100.0, "percent_covered_display": "100", "missing_lines": 0, "excluded_lines": 0, "percent_statements_covered": 100.0, "percent_statements_covered_display": "100"}, "missing_lines": [], "excluded_lines": [], "start_line": 1}}, "classes": {"": {"executed_lines": [], "summary": {"covered_lines": 0, "num_statements": 0, "percent_covered": 100.0, "percent_covered_display": "100", "missing_lines": 0, "excluded_lines": 0, "percent_statements_covered": 100.0, "percent_statements_covered_display": "100"}, "missing_lines": [], "excluded_lines": [], "start_line": 1}}}, "tests/conftest.py": {"executed_lines": [3, 4, 5, 6, 7, 10, 13, 14, 16, 17, 18, 20, 23, 26, 27, 29, 48, 49, 51, 52, 55, 58, 59, 62, 68, 73, 76, 77, 79, 82, 83, 84, 93, 94, 95, 98, 99, 100, 109, 110, 111, 113, 114, 116], "summary": {"covered_lines": 44, "num_statements": 44, "percent_covered": 100.0, "percent_covered_display": "100", "missing_lines": 0, "excluded_lines": 0, "percent_statements_covered": 100.0, "percent_statements_covered_display": "100"}, "missing_lines": [], "excluded_lines": [], "functions": {"temp_skills_dir": {"executed_lines": [16, 17, 18, 20, 23], "summary": {"covered_lines": 5, "num_statements": 5, "percent_covered": 100.0, "percent_covered_display": "100", "missing_lines": 0, "excluded_lines": 0, "percent_statements_covered": 100.0, "percent_statements_covered_display": "100"}, "missing_lines": [], "excluded_lines": [], "start_line": 14}, "sample_skill_content": {"executed_lines": [29], "summary": {"covered_lines": 1, "num_statements": 1, "percent_covered": 100.0, "percent_covered_display": "100", "missing_lines": 0, "excluded_lines": 0, "percent_statements_covered": 100.0, "percent_statements_covered_display": "100"}, "missing_lines": [], "excluded_lines": [], "start_line": 27}, "sample_skill": {"executed_lines": [51, 52, 55, 58, 59, 62, 68, 73], "summary": {"covered_lines": 8, "num_statements": 8, "percent_covered": 100.0, "percent_covered_display": "100", "missing_lines": 0, "excluded_lines": 0, "percent_statements_covered": 100.0, "percent_statements_covered_display": "100"}, "missing_lines": [], "excluded_lines": [], "start_line": 49}, "multiple_skills": {"executed_lines": [79, 82, 83, 84, 93, 94, 95, 98, 99, 100, 109, 110, 111, 113, 114, 116], "summary": {"covered_lines": 16, "num_statements": 16, "percent_covered": 100.0, "percent_covered_display": "100", "missing_lines": 0, "excluded_lines": 0, "percent_statements_covered": 100.0, "percent_statements_covered_display": "100"}, "missing_lines": [], "excluded_lines": [], "start_line": 77}, "": {"executed_lines": [3, 4, 5, 6, 7, 10, 13, 14, 26, 27, 48, 49, 76, 77], "summary": {"covered_lines": 14, "num_statements": 14, "percent_covered": 100.0, "percent_covered_display": "100", "missing_lines": 0, "excluded_lines": 0, "percent_statements_covered": 100.0, "percent_statements_covered_display": "100"}, "missing_lines": [], "excluded_lines": [], "start_line": 1}}, "classes": {"": {"executed_lines": [3, 4, 5, 6, 7, 10, 13, 14, 16, 17, 18, 20, 23, 26, 27, 29, 48, 49, 51, 52, 55, 58, 59, 62, 68, 73, 76, 77, 79, 82, 83, 84, 93, 94, 95, 98, 99, 100, 109, 110, 111, 113, 114, 116], "summary": {"covered_lines": 44, "num_statements": 44, "percent_covered": 100.0, "percent_covered_display": "100", "missing_lines": 0, "excluded_lines": 0, "percent_statements_covered": 100.0, "percent_statements_covered_display": "100"}, "missing_lines": [], "excluded_lines": [], "start_line": 1}}}, "tests/executor/__init__.py": {"executed_lines": [], "summary": {"covered_lines": 0, "num_statements": 0, "percent_covered": 100.0, "percent_covered_display": "100", "missing_lines": 0, "excluded_lines": 0, "percent_statements_covered": 100.0, "percent_statements_covered_display": "100"}, "missing_lines": [], "excluded_lines": [], "functions": {"": {"executed_lines": [], "summary": {"covered_lines": 0, "num_statements": 0, "percent_covered": 100.0, "percent_covered_display": "100", "missing_lines": 0, "excluded_lines": 0, "percent_statements_covered": 100.0, "percent_statements_covered_display": "100"}, "missing_lines": [], "excluded_lines": [], "start_line": 1}}, "classes": {"": {"executed_lines": [], "summary": {"covered_lines": 0, "num_statements": 0, "percent_covered": 100.0, "percent_covered_display": "100", "missing_lines": 0, "excluded_lines": 0, "percent_statements_covered": 100.0, "percent_statements_covered_display": "100"}, "missing_lines": [], "excluded_lines": [], "start_line": 1}}}, "tests/executor/test_skill_executor.py": {"executed_lines": [3, 4, 5, 6, 7, 10, 13, 14, 16, 17, 19, 20, 22, 29, 37, 39, 41, 43, 44, 45, 46, 48, 51, 55, 56, 58, 59, 61, 64, 73, 74, 79, 81, 83, 88, 89, 91, 92, 93, 95, 97, 98, 100, 101, 103, 106, 107, 109, 114, 115, 117, 118, 120, 123, 124, 125, 126, 129, 130, 136, 138, 143, 144, 146, 147, 149, 151, 152, 153, 154, 160, 161, 166, 168, 173, 174, 181, 182, 184, 186, 191, 192, 194, 195, 197, 199, 204, 205, 207, 208, 210, 213, 222, 223, 224, 226, 228, 230, 235, 236, 238, 239, 241, 243, 248, 249, 252, 253, 256, 257, 258, 259, 261, 264, 265, 268, 282, 287, 289, 290, 292, 293, 296, 297, 300, 301, 302, 304, 306, 315, 316, 319, 320, 321, 323, 325, 327, 335, 336, 341, 342, 344], "summary": {"covered_lines": 142, "num_statements": 142, "percent_covered": 100.0, "percent_covered_display": "100", "missing_lines": 0, "excluded_lines": 0, "percent_statements_covered": 100.0, "percent_statements_covered_display": "100"}, "missing_lines": [], "excluded_lines": [], "functions": {"TestSkillExecutor.mock_llm": {"executed_lines": [16, 17], "summary": {"covered_lines": 2, "num_statements": 2, "percent_covered": 100.0, "percent_covered_display": "100", "missing_lines": 0, "excluded_lines": 0, "percent_statements_covered": 100.0, "percent_statements_covered_display": "100"}, "missing_lines": [], "excluded_lines": [], "start_line": 14}, "TestSkillExecutor.sample_skills": {"executed_lines": [22, 29, 37], "summary": {"covered_lines": 3, "num_statements": 3, "percent_covered": 100.0, "percent_covered_display": "100", "missing_lines": 0, "excluded_lines": 0, "percent_statements_covered": 100.0, "percent_statements_covered_display": "100"}, "missing_lines": [], "excluded_lines": [], "start_line": 20}, "TestSkillExecutor.test_init": {"executed_lines": [41, 43, 44, 45, 46], "summary": {"covered_lines": 5, "num_statements": 5, "percent_covered": 100.0, "percent_covered_display": "100", "missing_lines": 0, "excluded_lines": 0, "percent_statements_covered": 100.0, "percent_statements_covered_display": "100"}, "missing_lines": [], "excluded_lines": [], "start_line": 39}, "TestSkillExecutor.test_execute_simple_query": {"executed_lines": [51, 55, 56, 58, 59], "summary": {"covered_lines": 5, "num_statements": 5, "percent_covered": 100.0, "percent_covered_display": "100", "missing_lines": 0, "excluded_lines": 0, "percent_statements_covered": 100.0, "percent_statements_covered_display": "100"}, "missing_lines": [], "excluded_lines": [], "start_line": 48}, "TestSkillExecutor.test_execute_with_tool_call": {"executed_lines": [64, 73, 74, 79], "summary": {"covered_lines": 4, "num_statements": 4, "percent_covered": 100.0, "percent_covered_display": "100", "missing_lines": 0, "excluded_lines": 0, "percent_statements_covered": 100.0, "percent_statements_covered_display": "100"}, "missing_lines": [], "excluded_lines": [], "start_line": 61}, "TestSkillExecutor.test_handle_list_scripts": {"executed_lines": [83, 88, 89, 91, 92, 93], "summary": {"covered_lines": 6, "num_statements": 6, "percent_covered": 100.0, "percent_covered_display": "100", "missing_lines": 0, "excluded_lines": 0, "percent_statements_covered": 100.0, "percent_statements_covered_display": "100"}, "missing_lines": [], "excluded_lines": [], "start_line": 81}, "TestSkillExecutor.test_handle_list_scripts_nonexistent": {"executed_lines": [97, 98, 100, 101], "summary": {"covered_lines": 4, "num_statements": 4, "percent_covered": 100.0, "percent_covered_display": "100", "missing_lines": 0, "excluded_lines": 0, "percent_statements_covered": 100.0, "percent_statements_covered_display": "100"}, "missing_lines": [], "excluded_lines": [], "start_line": 95}, "TestSkillExecutor.test_handle_read_script": {"executed_lines": [106, 107, 109, 114, 115, 117, 118], "summary": {"covered_lines": 7, "num_statements": 7, "percent_covered": 100.0, "percent_covered_display": "100", "missing_lines": 0, "excluded_lines": 0, "percent_statements_covered": 100.0, "percent_statements_covered_display": "100"}, "missing_lines": [], "excluded_lines": [], "start_line": 103}, "TestSkillExecutor.test_execute_script_success": {"executed_lines": [123, 124, 125, 126, 129, 130, 136, 138, 143, 144, 146, 147], "summary": {"covered_lines": 12, "num_statements": 12, "percent_covered": 100.0, "percent_covered_display": "100", "missing_lines": 0, "excluded_lines": 0, "percent_statements_covered": 100.0, "percent_statements_covered_display": "100"}, "missing_lines": [], "excluded_lines": [], "start_line": 120}, "TestSkillExecutor.test_execute_script_with_arguments": {"executed_lines": [151, 152, 153, 154, 160, 161, 166, 168, 173, 174, 181, 182], "summary": {"covered_lines": 12, "num_statements": 12, "percent_covered": 100.0, "percent_covered_display": "100", "missing_lines": 0, "excluded_lines": 0, "percent_statements_covered": 100.0, "percent_statements_covered_display": "100"}, "missing_lines": [], "excluded_lines": [], "start_line": 149}, "TestSkillExecutor.test_execute_script_nonexistent_skill": {"executed_lines": [186, 191, 192, 194, 195], "summary": {"covered_lines": 5, "num_statements": 5, "percent_covered": 100.0, "percent_covered_display": "100", "missing_lines": 0, "excluded_lines": 0, "percent_statements_covered": 100.0, "percent_statements_covered_display": "100"}, "missing_lines": [], "excluded_lines": [], "start_line": 184}, "TestSkillExecutor.test_execute_script_nonexistent_script": {"executed_lines": [199, 204, 205, 207, 208], "summary": {"covered_lines": 5, "num_statements": 5, "percent_covered": 100.0, "percent_covered_display": "100", "missing_lines": 0, "excluded_lines": 0, "percent_statements_covered": 100.0, "percent_statements_covered_display": "100"}, "missing_lines": [], "excluded_lines": [], "start_line": 197}, "TestSkillExecutor.test_max_iterations": {"executed_lines": [213, 222, 223, 224, 226], "summary": {"covered_lines": 5, "num_statements": 5, "percent_covered": 100.0, "percent_covered_display": "100", "missing_lines": 0, "excluded_lines": 0, "percent_statements_covered": 100.0, "percent_statements_covered_display": "100"}, "missing_lines": [], "excluded_lines": [], "start_line": 210}, "TestSkillExecutor.test_verbose_mode": {"executed_lines": [230, 235, 236, 238, 239], "summary": {"covered_lines": 5, "num_statements": 5, "percent_covered": 100.0, "percent_covered_display": "100", "missing_lines": 0, "excluded_lines": 0, "percent_statements_covered": 100.0, "percent_statements_covered_display": "100"}, "missing_lines": [], "excluded_lines": [], "start_line": 228}, "TestSkillExecutor.test_system_prompt_construction": {"executed_lines": [243, 248, 249, 252, 253, 256, 257, 258, 259], "summary": {"covered_lines": 9, "num_statements": 9, "percent_covered": 100.0, "percent_covered_display": "100", "missing_lines": 0, "excluded_lines": 0, "percent_statements_covered": 100.0, "percent_statements_covered_display": "100"}, "missing_lines": [], "excluded_lines": [], "start_line": 241}, "TestSkillExecutor.test_tool_call_with_result": {"executed_lines": [264, 265, 268, 282, 287, 289, 290, 292, 293, 296, 297, 300, 301, 302], "summary": {"covered_lines": 14, "num_statements": 14, "percent_covered": 100.0, "percent_covered_display": "100", "missing_lines": 0, "excluded_lines": 0, "percent_statements_covered": 100.0, "percent_statements_covered_display": "100"}, "missing_lines": [], "excluded_lines": [], "start_line": 261}, "TestSkillExecutor.test_unknown_tool": {"executed_lines": [306, 315, 316, 319, 320, 321, 323], "summary": {"covered_lines": 7, "num_statements": 7, "percent_covered": 100.0, "percent_covered_display": "100", "missing_lines": 0, "excluded_lines": 0, "percent_statements_covered": 100.0, "percent_statements_covered_display": "100"}, "missing_lines": [], "excluded_lines": [], "start_line": 304}, "TestSkillExecutor.test_skill_with_no_scripts": {"executed_lines": [327, 335, 336, 341, 342, 344], "summary": {"covered_lines": 6, "num_statements": 6, "percent_covered": 100.0, "percent_covered_display": "100", "missing_lines": 0, "excluded_lines": 0, "percent_statements_covered": 100.0, "percent_statements_covered_display": "100"}, "missing_lines": [], "excluded_lines": [], "start_line": 325}, "": {"executed_lines": [3, 4, 5, 6, 7, 10, 13, 14, 19, 20, 39, 48, 61, 81, 95, 103, 120, 149, 184, 197, 210, 228, 241, 261, 304, 325], "summary": {"covered_lines": 26, "num_statements": 26, "percent_covered": 100.0, "percent_covered_display": "100", "missing_lines": 0, "excluded_lines": 0, "percent_statements_covered": 100.0, "percent_statements_covered_display": "100"}, "missing_lines": [], "excluded_lines": [], "start_line": 1}}, "classes": {"TestSkillExecutor": {"executed_lines": [16, 17, 22, 29, 37, 41, 43, 44, 45, 46, 51, 55, 56, 58, 59, 64, 73, 74, 79, 83, 88, 89, 91, 92, 93, 97, 98, 100, 101, 106, 107, 109, 114, 115, 117, 118, 123, 124, 125, 126, 129, 130, 136, 138, 143, 144, 146, 147, 151, 152, 153, 154, 160, 161, 166, 168, 173, 174, 181, 182, 186, 191, 192, 194, 195, 199, 204, 205, 207, 208, 213, 222, 223, 224, 226, 230, 235, 236, 238, 239, 243, 248, 249, 252, 253, 256, 257, 258, 259, 264, 265, 268, 282, 287, 289, 290, 292, 293, 296, 297, 300, 301, 302, 306, 315, 316, 319, 320, 321, 323, 327, 335, 336, 341, 342, 344], "summary": {"covered_lines": 116, "num_statements": 116, "percent_covered": 100.0, "percent_covered_display": "100", "missing_lines": 0, "excluded_lines": 0, "percent_statements_covered": 100.0, "percent_statements_covered_display": "100"}, "missing_lines": [], "excluded_lines": [], "start_line": 10}, "": {"executed_lines": [3, 4, 5, 6, 7, 10, 13, 14, 19, 20, 39, 48, 61, 81, 95, 103, 120, 149, 184, 197, 210, 228, 241, 261, 304, 325], "summary": {"covered_lines": 26, "num_statements": 26, "percent_covered": 100.0, "percent_covered_display": "100", "missing_lines": 0, "excluded_lines": 0, "percent_statements_covered": 100.0, "percent_statements_covered_display": "100"}, "missing_lines": [], "excluded_lines": [], "start_line": 1}}}, "tests/llm/__init__.py": {"executed_lines": [], "summary": {"covered_lines": 0, "num_statements": 0, "percent_covered": 100.0, "percent_covered_display": "100", "missing_lines": 0, "excluded_lines": 0, "percent_statements_covered": 100.0, "percent_statements_covered_display": "100"}, "missing_lines": [], "excluded_lines": [], "functions": {"": {"executed_lines": [], "summary": {"covered_lines": 0, "num_statements": 0, "percent_covered": 100.0, "percent_covered_display": "100", "missing_lines": 0, "excluded_lines": 0, "percent_statements_covered": 100.0, "percent_statements_covered_display": "100"}, "missing_lines": [], "excluded_lines": [], "start_line": 1}}, "classes": {"": {"executed_lines": [], "summary": {"covered_lines": 0, "num_statements": 0, "percent_covered": 100.0, "percent_covered_display": "100", "missing_lines": 0, "excluded_lines": 0, "percent_statements_covered": 100.0, "percent_statements_covered_display": "100"}, "missing_lines": [], "excluded_lines": [], "start_line": 1}}}, "tests/llm/test_factory.py": {"executed_lines": [3, 4, 7, 10, 11, 13, 14, 16, 17, 19, 20, 22, 23, 25, 26, 28, 29, 31, 32, 34, 36, 38, 39, 40, 42, 44, 45, 46, 48, 49, 50, 52, 53, 54], "summary": {"covered_lines": 34, "num_statements": 34, "percent_covered": 100.0, "percent_covered_display": "100", "missing_lines": 0, "excluded_lines": 0, "percent_statements_covered": 100.0, "percent_statements_covered_display": "100"}, "missing_lines": [], "excluded_lines": [], "functions": {"TestLLMFactory.test_create_openai_adapter": {"executed_lines": [13, 14, 16, 17], "summary": {"covered_lines": 4, "num_statements": 4, "percent_covered": 100.0, "percent_covered_display": "100", "missing_lines": 0, "excluded_lines": 0, "percent_statements_covered": 100.0, "percent_statements_covered_display": "100"}, "missing_lines": [], "excluded_lines": [], "start_line": 11}, "TestLLMFactory.test_create_anthropic_adapter": {"executed_lines": [22, 23, 25, 26], "summary": {"covered_lines": 4, "num_statements": 4, "percent_covered": 100.0, "percent_covered_display": "100", "missing_lines": 0, "excluded_lines": 0, "percent_statements_covered": 100.0, "percent_statements_covered_display": "100"}, "missing_lines": [], "excluded_lines": [], "start_line": 20}, "TestLLMFactory.test_create_with_kwargs": {"executed_lines": [31, 32, 34], "summary": {"covered_lines": 3, "num_statements": 3, "percent_covered": 100.0, "percent_covered_display": "100", "missing_lines": 0, "excluded_lines": 0, "percent_statements_covered": 100.0, "percent_statements_covered_display": "100"}, "missing_lines": [], "excluded_lines": [], "start_line": 29}, "TestLLMFactory.test_create_unknown_provider": {"executed_lines": [38, 39, 40, 42], "summary": {"covered_lines": 4, "num_statements": 4, "percent_covered": 100.0, "percent_covered_display": "100", "missing_lines": 0, "excluded_lines": 0, "percent_statements_covered": 100.0, "percent_statements_covered_display": "100"}, "missing_lines": [], "excluded_lines": [], "start_line": 36}, "TestLLMFactory.test_factory_returns_different_types": {"executed_lines": [48, 49, 50, 52, 53, 54], "summary": {"covered_lines": 6, "num_statements": 6, "percent_covered": 100.0, "percent_covered_display": "100", "missing_lines": 0, "excluded_lines": 0, "percent_statements_covered": 100.0, "percent_statements_covered_display": "100"}, "missing_lines": [], "excluded_lines": [], "start_line": 46}, "": {"executed_lines": [3, 4, 7, 10, 11, 19, 20, 28, 29, 36, 44, 45, 46], "summary": {"covered_lines": 13, "num_statements": 13, "percent_covered": 100.0, "percent_covered_display": "100", "missing_lines": 0, "excluded_lines": 0, "percent_statements_covered": 100.0, "percent_statements_covered_display": "100"}, "missing_lines": [], "excluded_lines": [], "start_line": 1}}, "classes": {"TestLLMFactory": {"executed_lines": [13, 14, 16, 17, 22, 23, 25, 26, 31, 32, 34, 38, 39, 40, 42, 48, 49, 50, 52, 53, 54], "summary": {"covered_lines": 21, "num_statements": 21, "percent_covered": 100.0, "percent_covered_display": "100", "missing_lines": 0, "excluded_lines": 0, "percent_statements_covered": 100.0, "percent_statements_covered_display": "100"}, "missing_lines": [], "excluded_lines": [], "start_line": 7}, "": {"executed_lines": [3, 4, 7, 10, 11, 19, 20, 28, 29, 36, 44, 45, 46], "summary": {"covered_lines": 13, "num_statements": 13, "percent_covered": 100.0, "percent_covered_display": "100", "missing_lines": 0, "excluded_lines": 0, "percent_statements_covered": 100.0, "percent_statements_covered_display": "100"}, "missing_lines": [], "excluded_lines": [], "start_line": 1}}}, "tests/llm/test_llm_adapters.py": {"executed_lines": [3, 4, 7, 10, 11, 13, 14, 16, 17, 19, 20, 22, 23, 25, 27, 28, 30, 31, 33, 35, 36, 39, 40, 43, 44, 45, 46, 48, 49, 50, 51, 53, 54, 57, 58, 59, 60, 62, 63, 65, 66, 69, 70, 71, 72, 74, 75, 76, 77, 79, 80, 81, 82, 83, 85, 86, 87, 88, 89, 91, 92, 94, 95, 97, 98, 99, 100, 102, 103, 104, 105, 107, 108, 111, 114, 115, 117, 118, 120, 121, 123, 124, 126, 127, 129, 131, 132, 134, 135, 138, 139, 140, 142, 143, 144, 146, 147, 148, 149, 151, 152, 155, 156, 157, 159, 160, 162, 163, 165, 166, 167, 169, 170, 171, 173, 174, 175, 179, 181, 182, 184, 185, 187, 188, 190, 191, 194, 195, 196, 197, 198, 200, 201, 202, 204, 205, 206, 214, 215, 217, 218, 219, 220, 223, 224, 225, 226, 228, 229, 231, 232, 234, 235, 236, 238, 239, 240, 242, 243, 244, 245, 247, 248, 250, 251, 253, 254, 256, 257, 258, 260, 261, 262, 263, 264, 266, 267, 268, 270, 271, 272, 273, 275, 276, 277], "summary": {"covered_lines": 185, "num_statements": 185, "percent_covered": 100.0, "percent_covered_display": "100", "missing_lines": 0, "excluded_lines": 0, "percent_statements_covered": 100.0, "percent_statements_covered_display": "100"}, "missing_lines": [], "excluded_lines": [], "functions": {"TestOpenAIAdapter.test_init_default": {"executed_lines": [13, 14, 16, 17], "summary": {"covered_lines": 4, "num_statements": 4, "percent_covered": 100.0, "percent_covered_display": "100", "missing_lines": 0, "excluded_lines": 0, "percent_statements_covered": 100.0, "percent_statements_covered_display": "100"}, "missing_lines": [], "excluded_lines": [], "start_line": 11}, "TestOpenAIAdapter.test_init_with_api_key": {"executed_lines": [22, 23, 25], "summary": {"covered_lines": 3, "num_statements": 3, "percent_covered": 100.0, "percent_covered_display": "100", "missing_lines": 0, "excluded_lines": 0, "percent_statements_covered": 100.0, "percent_statements_covered_display": "100"}, "missing_lines": [], "excluded_lines": [], "start_line": 20}, "TestOpenAIAdapter.test_init_with_model": {"executed_lines": [30, 31, 33], "summary": {"covered_lines": 3, "num_statements": 3, "percent_covered": 100.0, "percent_covered_display": "100", "missing_lines": 0, "excluded_lines": 0, "percent_statements_covered": 100.0, "percent_statements_covered_display": "100"}, "missing_lines": [], "excluded_lines": [], "start_line": 28}, "TestOpenAIAdapter.test_chat_without_tools": {"executed_lines": [39, 40, 43, 44, 45, 46, 48, 49, 50, 51, 53, 54, 57, 58, 59, 60], "summary": {"covered_lines": 16, "num_statements": 16, "percent_covered": 100.0, "percent_covered_display": "100", "missing_lines": 0, "excluded_lines": 0, "percent_statements_covered": 100.0, "percent_statements_covered_display": "100"}, "missing_lines": [], "excluded_lines": [], "start_line": 36}, "TestOpenAIAdapter.test_chat_with_tools": {"executed_lines": [65, 66, 69, 70, 71, 72, 74, 75, 76, 77, 79, 80, 81, 82, 83, 85, 86, 87, 88, 89], "summary": {"covered_lines": 20, "num_statements": 20, "percent_covered": 100.0, "percent_covered_display": "100", "missing_lines": 0, "excluded_lines": 0, "percent_statements_covered": 100.0, "percent_statements_covered_display": "100"}, "missing_lines": [], "excluded_lines": [], "start_line": 63}, "TestOpenAIAdapter.test_chat_with_custom_model": {"executed_lines": [94, 95, 97, 98, 99, 100, 102, 103, 104, 105, 107, 108], "summary": {"covered_lines": 12, "num_statements": 12, "percent_covered": 100.0, "percent_covered_display": "100", "missing_lines": 0, "excluded_lines": 0, "percent_statements_covered": 100.0, "percent_statements_covered_display": "100"}, "missing_lines": [], "excluded_lines": [], "start_line": 92}, "TestAnthropicAdapter.test_init_default": {"executed_lines": [117, 118, 120, 121], "summary": {"covered_lines": 4, "num_statements": 4, "percent_covered": 100.0, "percent_covered_display": "100", "missing_lines": 0, "excluded_lines": 0, "percent_statements_covered": 100.0, "percent_statements_covered_display": "100"}, "missing_lines": [], "excluded_lines": [], "start_line": 115}, "TestAnthropicAdapter.test_init_with_api_key": {"executed_lines": [126, 127, 129], "summary": {"covered_lines": 3, "num_statements": 3, "percent_covered": 100.0, "percent_covered_display": "100", "missing_lines": 0, "excluded_lines": 0, "percent_statements_covered": 100.0, "percent_statements_covered_display": "100"}, "missing_lines": [], "excluded_lines": [], "start_line": 124}, "TestAnthropicAdapter.test_chat_without_tools": {"executed_lines": [134, 135, 138, 139, 140, 142, 143, 144, 146, 147, 148, 149, 151, 152, 155, 156, 157], "summary": {"covered_lines": 17, "num_statements": 17, "percent_covered": 100.0, "percent_covered_display": "100", "missing_lines": 0, "excluded_lines": 0, "percent_statements_covered": 100.0, "percent_statements_covered_display": "100"}, "missing_lines": [], "excluded_lines": [], "start_line": 132}, "TestAnthropicAdapter.test_chat_with_system_message": {"executed_lines": [162, 163, 165, 166, 167, 169, 170, 171, 173, 174, 175, 179, 181, 182, 184, 185], "summary": {"covered_lines": 16, "num_statements": 16, "percent_covered": 100.0, "percent_covered_display": "100", "missing_lines": 0, "excluded_lines": 0, "percent_statements_covered": 100.0, "percent_statements_covered_display": "100"}, "missing_lines": [], "excluded_lines": [], "start_line": 160}, "TestAnthropicAdapter.test_chat_with_tools": {"executed_lines": [190, 191, 194, 195, 196, 197, 198, 200, 201, 202, 204, 205, 206, 214, 215, 217, 218, 219, 220, 223, 224, 225, 226], "summary": {"covered_lines": 23, "num_statements": 23, "percent_covered": 100.0, "percent_covered_display": "100", "missing_lines": 0, "excluded_lines": 0, "percent_statements_covered": 100.0, "percent_statements_covered_display": "100"}, "missing_lines": [], "excluded_lines": [], "start_line": 188}, "TestAnthropicAdapter.test_chat_with_custom_max_tokens": {"executed_lines": [231, 232, 234, 235, 236, 238, 239, 240, 242, 243, 244, 245, 247, 248], "summary": {"covered_lines": 14, "num_statements": 14, "percent_covered": 100.0, "percent_covered_display": "100", "missing_lines": 0, "excluded_lines": 0, "percent_statements_covered": 100.0, "percent_statements_covered_display": "100"}, "missing_lines": [], "excluded_lines": [], "start_line": 229}, "TestAnthropicAdapter.test_chat_with_text_and_tool_use": {"executed_lines": [253, 254, 256, 257, 258, 260, 261, 262, 263, 264, 266, 267, 268, 270, 271, 272, 273, 275, 276, 277], "summary": {"covered_lines": 20, "num_statements": 20, "percent_covered": 100.0, "percent_covered_display": "100", "missing_lines": 0, "excluded_lines": 0, "percent_statements_covered": 100.0, "percent_statements_covered_display": "100"}, "missing_lines": [], "excluded_lines": [], "start_line": 251}, "": {"executed_lines": [3, 4, 7, 10, 11, 19, 20, 27, 28, 35, 36, 62, 63, 91, 92, 111, 114, 115, 123, 124, 131, 132, 159, 160, 187, 188, 228, 229, 250, 251], "summary": {"covered_lines": 30, "num_statements": 30, "percent_covered": 100.0, "percent_covered_display": "100", "missing_lines": 0, "excluded_lines": 0, "percent_statements_covered": 100.0, "percent_statements_covered_display": "100"}, "missing_lines": [], "excluded_lines": [], "start_line": 1}}, "classes": {"TestOpenAIAdapter": {"executed_lines": [13, 14, 16, 17, 22, 23, 25, 30, 31, 33, 39, 40, 43, 44, 45, 46, 48, 49, 50, 51, 53, 54, 57, 58, 59, 60, 65, 66, 69, 70, 71, 72, 74, 75, 76, 77, 79, 80, 81, 82, 83, 85, 86, 87, 88, 89, 94, 95, 97, 98, 99, 100, 102, 103, 104, 105, 107, 108], "summary": {"covered_lines": 58, "num_statements": 58, "percent_covered": 100.0, "percent_covered_display": "100", "missing_lines": 0, "excluded_lines": 0, "percent_statements_covered": 100.0, "percent_statements_covered_display": "100"}, "missing_lines": [], "excluded_lines": [], "start_line": 7}, "TestAnthropicAdapter": {"executed_lines": [117, 118, 120, 121, 126, 127, 129, 134, 135, 138, 139, 140, 142, 143, 144, 146, 147, 148, 149, 151, 152, 155, 156, 157, 162, 163, 165, 166, 167, 169, 170, 171, 173, 174, 175, 179, 181, 182, 184, 185, 190, 191, 194, 195, 196, 197, 198, 200, 201, 202, 204, 205, 206, 214, 215, 217, 218, 219, 220, 223, 224, 225, 226, 231, 232, 234, 235, 236, 238, 239, 240, 242, 243, 244, 245, 247, 248, 253, 254, 256, 257, 258, 260, 261, 262, 263, 264, 266, 267, 268, 270, 271, 272, 273, 275, 276, 277], "summary": {"covered_lines": 97, "num_statements": 97, "percent_covered": 100.0, "percent_covered_display": "100", "missing_lines": 0, "excluded_lines": 0, "percent_statements_covered": 100.0, "percent_statements_covered_display": "100"}, "missing_lines": [], "excluded_lines": [], "start_line": 111}, "": {"executed_lines": [3, 4, 7, 10, 11, 19, 20, 27, 28, 35, 36, 62, 63, 91, 92, 111, 114, 115, 123, 124, 131, 132, 159, 160, 187, 188, 228, 229, 250, 251], "summary": {"covered_lines": 30, "num_statements": 30, "percent_covered": 100.0, "percent_covered_display": "100", "missing_lines": 0, "excluded_lines": 0, "percent_statements_covered": 100.0, "percent_statements_covered_display": "100"}, "missing_lines": [], "excluded_lines": [], "start_line": 1}}}, "tests/loaders/__init__.py": {"executed_lines": [], "summary": {"covered_lines": 0, "num_statements": 0, "percent_covered": 100.0, "percent_covered_display": "100", "missing_lines": 0, "excluded_lines": 0, "percent_statements_covered": 100.0, "percent_statements_covered_display": "100"}, "missing_lines": [], "excluded_lines": [], "functions": {"": {"executed_lines": [], "summary": {"covered_lines": 0, "num_statements": 0, "percent_covered": 100.0, "percent_covered_display": "100", "missing_lines": 0, "excluded_lines": 0, "percent_statements_covered": 100.0, "percent_statements_covered_display": "100"}, "missing_lines": [], "excluded_lines": [], "start_line": 1}}, "classes": {"": {"executed_lines": [], "summary": {"covered_lines": 0, "num_statements": 0, "percent_covered": 100.0, "percent_covered_display": "100", "missing_lines": 0, "excluded_lines": 0, "percent_statements_covered": 100.0, "percent_statements_covered_display": "100"}, "missing_lines": [], "excluded_lines": [], "start_line": 1}}}, "tests/loaders/test_skill_loader.py": {"executed_lines": [3, 4, 5, 6, 9, 12, 14, 16, 17, 19, 21, 22, 24, 26, 28, 29, 31, 32, 34, 35, 36, 37, 39, 43, 44, 46, 47, 49, 50, 51, 53, 55, 56, 58, 59, 61, 62, 65, 66, 68, 70, 71, 72, 74, 75, 78, 80, 82, 83, 84, 86, 87, 90, 92, 94, 95, 96, 98, 99, 102, 103, 104, 105, 106, 108, 109, 111, 112, 114, 115, 116, 117, 118, 120, 122, 123, 124, 126, 127, 129, 137, 138, 140, 141, 144, 145, 148, 150, 151, 152, 154, 155, 157, 162, 163, 165, 166, 168, 170, 172, 174, 175, 177, 179, 180, 181, 192, 193, 195, 196, 202, 204, 205, 206, 208, 209, 211, 212], "summary": {"covered_lines": 118, "num_statements": 118, "percent_covered": 100.0, "percent_covered_display": "100", "missing_lines": 0, "excluded_lines": 0, "percent_statements_covered": 100.0, "percent_statements_covered_display": "100"}, "missing_lines": [], "excluded_lines": [], "functions": {"TestSkillLoader.test_init": {"executed_lines": [14, 16, 17], "summary": {"covered_lines": 3, "num_statements": 3, "percent_covered": 100.0, "percent_covered_display": "100", "missing_lines": 0, "excluded_lines": 0, "percent_statements_covered": 100.0, "percent_statements_covered_display": "100"}, "missing_lines": [], "excluded_lines": [], "start_line": 12}, "TestSkillLoader.test_load_all_empty_dir": {"executed_lines": [21, 22, 24], "summary": {"covered_lines": 3, "num_statements": 3, "percent_covered": 100.0, "percent_covered_display": "100", "missing_lines": 0, "excluded_lines": 0, "percent_statements_covered": 100.0, "percent_statements_covered_display": "100"}, "missing_lines": [], "excluded_lines": [], "start_line": 19}, "TestSkillLoader.test_load_all_single_skill": {"executed_lines": [28, 29, 31, 32, 34, 35, 36, 37], "summary": {"covered_lines": 8, "num_statements": 8, "percent_covered": 100.0, "percent_covered_display": "100", "missing_lines": 0, "excluded_lines": 0, "percent_statements_covered": 100.0, "percent_statements_covered_display": "100"}, "missing_lines": [], "excluded_lines": [], "start_line": 26}, "TestSkillLoader.test_load_all_multiple_skills": {"executed_lines": [43, 44, 46, 47, 49, 50, 51], "summary": {"covered_lines": 7, "num_statements": 7, "percent_covered": 100.0, "percent_covered_display": "100", "missing_lines": 0, "excluded_lines": 0, "percent_statements_covered": 100.0, "percent_statements_covered_display": "100"}, "missing_lines": [], "excluded_lines": [], "start_line": 39}, "TestSkillLoader.test_load_skill_with_scripts": {"executed_lines": [55, 56, 58, 59, 61, 62, 65, 66], "summary": {"covered_lines": 8, "num_statements": 8, "percent_covered": 100.0, "percent_covered_display": "100", "missing_lines": 0, "excluded_lines": 0, "percent_statements_covered": 100.0, "percent_statements_covered_display": "100"}, "missing_lines": [], "excluded_lines": [], "start_line": 53}, "TestSkillLoader.test_parse_skill_invalid_yaml": {"executed_lines": [70, 71, 72, 74, 75, 78], "summary": {"covered_lines": 6, "num_statements": 6, "percent_covered": 100.0, "percent_covered_display": "100", "missing_lines": 0, "excluded_lines": 0, "percent_statements_covered": 100.0, "percent_statements_covered_display": "100"}, "missing_lines": [], "excluded_lines": [], "start_line": 68}, "TestSkillLoader.test_parse_skill_no_frontmatter": {"executed_lines": [82, 83, 84, 86, 87, 90], "summary": {"covered_lines": 6, "num_statements": 6, "percent_covered": 100.0, "percent_covered_display": "100", "missing_lines": 0, "excluded_lines": 0, "percent_statements_covered": 100.0, "percent_statements_covered_display": "100"}, "missing_lines": [], "excluded_lines": [], "start_line": 80}, "TestSkillLoader.test_script_extensions": {"executed_lines": [94, 95, 96, 98, 99, 102, 103, 104, 105, 106, 108, 109, 111, 112, 114, 115, 116, 117, 118], "summary": {"covered_lines": 19, "num_statements": 19, "percent_covered": 100.0, "percent_covered_display": "100", "missing_lines": 0, "excluded_lines": 0, "percent_statements_covered": 100.0, "percent_statements_covered_display": "100"}, "missing_lines": [], "excluded_lines": [], "start_line": 92}, "TestSkillLoader.test_extract_python_docstring": {"executed_lines": [122, 123, 124, 126, 127, 129, 137, 138, 140, 141, 144, 145], "summary": {"covered_lines": 12, "num_statements": 12, "percent_covered": 100.0, "percent_covered_display": "100", "missing_lines": 0, "excluded_lines": 0, "percent_statements_covered": 100.0, "percent_statements_covered_display": "100"}, "missing_lines": [], "excluded_lines": [], "start_line": 120}, "TestSkillLoader.test_extract_bash_comment": {"executed_lines": [150, 151, 152, 154, 155, 157, 162, 163, 165, 166, 168], "summary": {"covered_lines": 11, "num_statements": 11, "percent_covered": 100.0, "percent_covered_display": "100", "missing_lines": 0, "excluded_lines": 0, "percent_statements_covered": 100.0, "percent_statements_covered_display": "100"}, "missing_lines": [], "excluded_lines": [], "start_line": 148}, "TestSkillLoader.test_load_nonexistent_dir": {"executed_lines": [172, 174, 175], "summary": {"covered_lines": 3, "num_statements": 3, "percent_covered": 100.0, "percent_covered_display": "100", "missing_lines": 0, "excluded_lines": 0, "percent_statements_covered": 100.0, "percent_statements_covered_display": "100"}, "missing_lines": [], "excluded_lines": [], "start_line": 170}, "TestSkillLoader.test_skill_with_metadata": {"executed_lines": [179, 180, 181, 192, 193, 195, 196], "summary": {"covered_lines": 7, "num_statements": 7, "percent_covered": 100.0, "percent_covered_display": "100", "missing_lines": 0, "excluded_lines": 0, "percent_statements_covered": 100.0, "percent_statements_covered_display": "100"}, "missing_lines": [], "excluded_lines": [], "start_line": 177}, "TestSkillLoader.test_skill_without_scripts_dir": {"executed_lines": [204, 205, 206, 208, 209, 211, 212], "summary": {"covered_lines": 7, "num_statements": 7, "percent_covered": 100.0, "percent_covered_display": "100", "missing_lines": 0, "excluded_lines": 0, "percent_statements_covered": 100.0, "percent_statements_covered_display": "100"}, "missing_lines": [], "excluded_lines": [], "start_line": 202}, "": {"executed_lines": [3, 4, 5, 6, 9, 12, 19, 26, 39, 53, 68, 80, 92, 120, 148, 170, 177, 202], "summary": {"covered_lines": 18, "num_statements": 18, "percent_covered": 100.0, "percent_covered_display": "100", "missing_lines": 0, "excluded_lines": 0, "percent_statements_covered": 100.0, "percent_statements_covered_display": "100"}, "missing_lines": [], "excluded_lines": [], "start_line": 1}}, "classes": {"TestSkillLoader": {"executed_lines": [14, 16, 17, 21, 22, 24, 28, 29, 31, 32, 34, 35, 36, 37, 43, 44, 46, 47, 49, 50, 51, 55, 56, 58, 59, 61, 62, 65, 66, 70, 71, 72, 74, 75, 78, 82, 83, 84, 86, 87, 90, 94, 95, 96, 98, 99, 102, 103, 104, 105, 106, 108, 109, 111, 112, 114, 115, 116, 117, 118, 122, 123, 124, 126, 127, 129, 137, 138, 140, 141, 144, 145, 150, 151, 152, 154, 155, 157, 162, 163, 165, 166, 168, 172, 174, 175, 179, 180, 181, 192, 193, 195, 196, 204, 205, 206, 208, 209, 211, 212], "summary": {"covered_lines": 100, "num_statements": 100, "percent_covered": 100.0, "percent_covered_display": "100", "missing_lines": 0, "excluded_lines": 0, "percent_statements_covered": 100.0, "percent_statements_covered_display": "100"}, "missing_lines": [], "excluded_lines": [], "start_line": 9}, "": {"executed_lines": [3, 4, 5, 6, 9, 12, 19, 26, 39, 53, 68, 80, 92, 120, 148, 170, 177, 202], "summary": {"covered_lines": 18, "num_statements": 18, "percent_covered": 100.0, "percent_covered_display": "100", "missing_lines": 0, "excluded_lines": 0, "percent_statements_covered": 100.0, "percent_statements_covered_display": "100"}, "missing_lines": [], "excluded_lines": [], "start_line": 1}}}, "tests/models/__init__.py": {"executed_lines": [], "summary": {"covered_lines": 0, "num_statements": 0, "percent_covered": 100.0, "percent_covered_display": "100", "missing_lines": 0, "excluded_lines": 0, "percent_statements_covered": 100.0, "percent_statements_covered_display": "100"}, "missing_lines": [], "excluded_lines": [], "functions": {"": {"executed_lines": [], "summary": {"covered_lines": 0, "num_statements": 0, "percent_covered": 100.0, "percent_covered_display": "100", "missing_lines": 0, "excluded_lines": 0, "percent_statements_covered": 100.0, "percent_statements_covered_display": "100"}, "missing_lines": [], "excluded_lines": [], "start_line": 1}}, "classes": {"": {"executed_lines": [], "summary": {"covered_lines": 0, "num_statements": 0, "percent_covered": 100.0, "percent_covered_display": "100", "missing_lines": 0, "excluded_lines": 0, "percent_statements_covered": 100.0, "percent_statements_covered_display": "100"}, "missing_lines": [], "excluded_lines": [], "start_line": 1}}}, "tests/models/test_skill.py": {"executed_lines": [3, 4, 5, 8, 11, 13, 14, 16, 23, 24, 25, 26, 28, 30, 31, 33, 39, 41, 42, 43, 45, 47, 48, 53, 59, 61, 62, 63, 65, 67, 68, 70, 76, 78, 79, 81, 83, 84, 86, 92, 94, 96, 98, 99, 104, 110, 112, 113, 116, 119, 121, 128, 129, 130, 131, 132, 133, 135, 137, 143, 150, 158, 159, 160, 162, 164, 171, 179, 181, 182, 183, 184, 185, 186, 188, 190, 197, 199, 200, 201, 203, 205, 210, 216, 224, 225, 226, 228, 230, 236, 245, 247], "summary": {"covered_lines": 92, "num_statements": 92, "percent_covered": 100.0, "percent_covered_display": "100", "missing_lines": 0, "excluded_lines": 0, "percent_statements_covered": 100.0, "percent_statements_covered_display": "100"}, "missing_lines": [], "excluded_lines": [], "functions": {"TestSkillScript.test_create_skill_script": {"executed_lines": [13, 14, 16, 23, 24, 25, 26], "summary": {"covered_lines": 7, "num_statements": 7, "percent_covered": 100.0, "percent_covered_display": "100", "missing_lines": 0, "excluded_lines": 0, "percent_statements_covered": 100.0, "percent_statements_covered_display": "100"}, "missing_lines": [], "excluded_lines": [], "start_line": 11}, "TestSkillScript.test_execute_python_script": {"executed_lines": [30, 31, 33, 39, 41, 42, 43], "summary": {"covered_lines": 7, "num_statements": 7, "percent_covered": 100.0, "percent_covered_display": "100", "missing_lines": 0, "excluded_lines": 0, "percent_statements_covered": 100.0, "percent_statements_covered_display": "100"}, "missing_lines": [], "excluded_lines": [], "start_line": 28}, "TestSkillScript.test_execute_python_script_with_args": {"executed_lines": [47, 48, 53, 59, 61, 62, 63], "summary": {"covered_lines": 7, "num_statements": 7, "percent_covered": 100.0, "percent_covered_display": "100", "missing_lines": 0, "excluded_lines": 0, "percent_statements_covered": 100.0, "percent_statements_covered_display": "100"}, "missing_lines": [], "excluded_lines": [], "start_line": 45}, "TestSkillScript.test_execute_bash_script": {"executed_lines": [67, 68, 70, 76, 78, 79], "summary": {"covered_lines": 6, "num_statements": 6, "percent_covered": 100.0, "percent_covered_display": "100", "missing_lines": 0, "excluded_lines": 0, "percent_statements_covered": 100.0, "percent_statements_covered_display": "100"}, "missing_lines": [], "excluded_lines": [], "start_line": 65}, "TestSkillScript.test_execute_script_failure": {"executed_lines": [83, 84, 86, 92, 94], "summary": {"covered_lines": 5, "num_statements": 5, "percent_covered": 100.0, "percent_covered_display": "100", "missing_lines": 0, "excluded_lines": 0, "percent_statements_covered": 100.0, "percent_statements_covered_display": "100"}, "missing_lines": [], "excluded_lines": [], "start_line": 81}, "TestSkillScript.test_execute_script_timeout": {"executed_lines": [98, 99, 104, 110, 112, 113], "summary": {"covered_lines": 6, "num_statements": 6, "percent_covered": 100.0, "percent_covered_display": "100", "missing_lines": 0, "excluded_lines": 0, "percent_statements_covered": 100.0, "percent_statements_covered_display": "100"}, "missing_lines": [], "excluded_lines": [], "start_line": 96}, "TestSkill.test_create_skill": {"executed_lines": [121, 128, 129, 130, 131, 132, 133], "summary": {"covered_lines": 7, "num_statements": 7, "percent_covered": 100.0, "percent_covered_display": "100", "missing_lines": 0, "excluded_lines": 0, "percent_statements_covered": 100.0, "percent_statements_covered_display": "100"}, "missing_lines": [], "excluded_lines": [], "start_line": 119}, "TestSkill.test_skill_with_scripts": {"executed_lines": [137, 143, 150, 158, 159, 160], "summary": {"covered_lines": 6, "num_statements": 6, "percent_covered": 100.0, "percent_covered_display": "100", "missing_lines": 0, "excluded_lines": 0, "percent_statements_covered": 100.0, "percent_statements_covered_display": "100"}, "missing_lines": [], "excluded_lines": [], "start_line": 135}, "TestSkill.test_to_context": {"executed_lines": [164, 171, 179, 181, 182, 183, 184, 185, 186], "summary": {"covered_lines": 9, "num_statements": 9, "percent_covered": 100.0, "percent_covered_display": "100", "missing_lines": 0, "excluded_lines": 0, "percent_statements_covered": 100.0, "percent_statements_covered_display": "100"}, "missing_lines": [], "excluded_lines": [], "start_line": 162}, "TestSkill.test_to_context_without_scripts": {"executed_lines": [190, 197, 199, 200, 201], "summary": {"covered_lines": 5, "num_statements": 5, "percent_covered": 100.0, "percent_covered_display": "100", "missing_lines": 0, "excluded_lines": 0, "percent_statements_covered": 100.0, "percent_statements_covered_display": "100"}, "missing_lines": [], "excluded_lines": [], "start_line": 188}, "TestSkill.test_get_script_by_name": {"executed_lines": [205, 210, 216, 224, 225, 226], "summary": {"covered_lines": 6, "num_statements": 6, "percent_covered": 100.0, "percent_covered_display": "100", "missing_lines": 0, "excluded_lines": 0, "percent_statements_covered": 100.0, "percent_statements_covered_display": "100"}, "missing_lines": [], "excluded_lines": [], "start_line": 203}, "TestSkill.test_get_script_by_filename": {"executed_lines": [230, 236, 245, 247], "summary": {"covered_lines": 4, "num_statements": 4, "percent_covered": 100.0, "percent_covered_display": "100", "missing_lines": 0, "excluded_lines": 0, "percent_statements_covered": 100.0, "percent_statements_covered_display": "100"}, "missing_lines": [], "excluded_lines": [], "start_line": 228}, "": {"executed_lines": [3, 4, 5, 8, 11, 28, 45, 65, 81, 96, 116, 119, 135, 162, 188, 203, 228], "summary": {"covered_lines": 17, "num_statements": 17, "percent_covered": 100.0, "percent_covered_display": "100", "missing_lines": 0, "excluded_lines": 0, "percent_statements_covered": 100.0, "percent_statements_covered_display": "100"}, "missing_lines": [], "excluded_lines": [], "start_line": 1}}, "classes": {"TestSkillScript": {"executed_lines": [13, 14, 16, 23, 24, 25, 26, 30, 31, 33, 39, 41, 42, 43, 47, 48, 53, 59, 61, 62, 63, 67, 68, 70, 76, 78, 79, 83, 84, 86, 92, 94, 98, 99, 104, 110, 112, 113], "summary": {"covered_lines": 38, "num_statements": 38, "percent_covered": 100.0, "percent_covered_display": "100", "missing_lines": 0, "excluded_lines": 0, "percent_statements_covered": 100.0, "percent_statements_covered_display": "100"}, "missing_lines": [], "excluded_lines": [], "start_line": 8}, "TestSkill": {"executed_lines": [121, 128, 129, 130, 131, 132, 133, 137, 143, 150, 158, 159, 160, 164, 171, 179, 181, 182, 183, 184, 185, 186, 190, 197, 199, 200, 201, 205, 210, 216, 224, 225, 226, 230, 236, 245, 247], "summary": {"covered_lines": 37, "num_statements": 37, "percent_covered": 100.0, "percent_covered_display": "100", "missing_lines": 0, "excluded_lines": 0, "percent_statements_covered": 100.0, "percent_statements_covered_display": "100"}, "missing_lines": [], "excluded_lines": [], "start_line": 116}, "": {"executed_lines": [3, 4, 5, 8, 11, 28, 45, 65, 81, 96, 116, 119, 135, 162, 188, 203, 228], "summary": {"covered_lines": 17, "num_statements": 17, "percent_covered": 100.0, "percent_covered_display": "100", "missing_lines": 0, "excluded_lines": 0, "percent_statements_covered": 100.0, "percent_statements_covered_display": "100"}, "missing_lines": [], "excluded_lines": [], "start_line": 1}}}, "tests/tools/__init__.py": {"executed_lines": [], "summary": {"covered_lines": 0, "num_statements": 0, "percent_covered": 100.0, "percent_covered_display": "100", "missing_lines": 0, "excluded_lines": 0, "percent_statements_covered": 100.0, "percent_statements_covered_display": "100"}, "missing_lines": [], "excluded_lines": [], "functions": {"": {"executed_lines": [], "summary": {"covered_lines": 0, "num_statements": 0, "percent_covered": 100.0, "percent_covered_display": "100", "missing_lines": 0, "excluded_lines": 0, "percent_statements_covered": 100.0, "percent_statements_covered_display": "100"}, "missing_lines": [], "excluded_lines": [], "start_line": 1}}, "classes": {"": {"executed_lines": [], "summary": {"covered_lines": 0, "num_statements": 0, "percent_covered": 100.0, "percent_covered_display": "100", "missing_lines": 0, "excluded_lines": 0, "percent_statements_covered": 100.0, "percent_statements_covered_display": "100"}, "missing_lines": [], "excluded_lines": [], "start_line": 1}}}, "tests/tools/test_definitions.py": {"executed_lines": [3, 4, 5, 8, 11, 13, 14, 16, 17, 19, 21, 22, 24, 26, 27, 28, 30, 31, 32, 33, 34, 35, 37, 39, 40, 42, 44, 45, 47, 48, 49, 51, 53, 54, 56, 58, 59, 61, 62, 63, 64, 66, 68, 70, 73, 75, 76, 78, 79, 81, 82, 84, 86, 87, 89, 90, 91, 93, 95, 96, 98, 99], "summary": {"covered_lines": 62, "num_statements": 62, "percent_covered": 100.0, "percent_covered_display": "100", "missing_lines": 0, "excluded_lines": 0, "percent_statements_covered": 100.0, "percent_statements_covered_display": "100"}, "missing_lines": [], "excluded_lines": [], "functions": {"TestToolsDefinitions.test_create_tools_definition": {"executed_lines": [13, 14, 16, 17], "summary": {"covered_lines": 4, "num_statements": 4, "percent_covered": 100.0, "percent_covered_display": "100", "missing_lines": 0, "excluded_lines": 0, "percent_statements_covered": 100.0, "percent_statements_covered_display": "100"}, "missing_lines": [], "excluded_lines": [], "start_line": 11}, "TestToolsDefinitions.test_execute_skill_script_tool": {"executed_lines": [21, 22, 24, 26, 27, 28, 30, 31, 32, 33, 34, 35], "summary": {"covered_lines": 12, "num_statements": 12, "percent_covered": 100.0, "percent_covered_display": "100", "missing_lines": 0, "excluded_lines": 0, "percent_statements_covered": 100.0, "percent_statements_covered_display": "100"}, "missing_lines": [], "excluded_lines": [], "start_line": 19}, "TestToolsDefinitions.test_list_skill_scripts_tool": {"executed_lines": [39, 40, 42, 44, 45, 47, 48, 49], "summary": {"covered_lines": 8, "num_statements": 8, "percent_covered": 100.0, "percent_covered_display": "100", "missing_lines": 0, "excluded_lines": 0, "percent_statements_covered": 100.0, "percent_statements_covered_display": "100"}, "missing_lines": [], "excluded_lines": [], "start_line": 37}, "TestToolsDefinitions.test_read_script_content_tool": {"executed_lines": [53, 54, 56, 58, 59, 61, 62, 63, 64], "summary": {"covered_lines": 9, "num_statements": 9, "percent_covered": 100.0, "percent_covered_display": "100", "missing_lines": 0, "excluded_lines": 0, "percent_statements_covered": 100.0, "percent_statements_covered_display": "100"}, "missing_lines": [], "excluded_lines": [], "start_line": 51}, "TestToolsDefinitions.test_tools_with_empty_skills": {"executed_lines": [68, 70], "summary": {"covered_lines": 2, "num_statements": 2, "percent_covered": 100.0, "percent_covered_display": "100", "missing_lines": 0, "excluded_lines": 0, "percent_statements_covered": 100.0, "percent_statements_covered_display": "100"}, "missing_lines": [], "excluded_lines": [], "start_line": 66}, "TestToolsDefinitions.test_execute_tool_arguments_type": {"executed_lines": [75, 76, 78, 79, 81, 82], "summary": {"covered_lines": 6, "num_statements": 6, "percent_covered": 100.0, "percent_covered_display": "100", "missing_lines": 0, "excluded_lines": 0, "percent_statements_covered": 100.0, "percent_statements_covered_display": "100"}, "missing_lines": [], "excluded_lines": [], "start_line": 73}, "TestToolsDefinitions.test_all_tools_have_descriptions": {"executed_lines": [86, 87, 89, 90, 91], "summary": {"covered_lines": 5, "num_statements": 5, "percent_covered": 100.0, "percent_covered_display": "100", "missing_lines": 0, "excluded_lines": 0, "percent_statements_covered": 100.0, "percent_statements_covered_display": "100"}, "missing_lines": [], "excluded_lines": [], "start_line": 84}, "TestToolsDefinitions.test_all_tools_are_functions": {"executed_lines": [95, 96, 98, 99], "summary": {"covered_lines": 4, "num_statements": 4, "percent_covered": 100.0, "percent_covered_display": "100", "missing_lines": 0, "excluded_lines": 0, "percent_statements_covered": 100.0, "percent_statements_covered_display": "100"}, "missing_lines": [], "excluded_lines": [], "start_line": 93}, "": {"executed_lines": [3, 4, 5, 8, 11, 19, 37, 51, 66, 73, 84, 93], "summary": {"covered_lines": 12, "num_statements": 12, "percent_covered": 100.0, "percent_covered_display": "100", "missing_lines": 0, "excluded_lines": 0, "percent_statements_covered": 100.0, "percent_statements_covered_display": "100"}, "missing_lines": [], "excluded_lines": [], "start_line": 1}}, "classes": {"TestToolsDefinitions": {"executed_lines": [13, 14, 16, 17, 21, 22, 24, 26, 27, 28, 30, 31, 32, 33, 34, 35, 39, 40, 42, 44, 45, 47, 48, 49, 53, 54, 56, 58, 59, 61, 62, 63, 64, 68, 70, 75, 76, 78, 79, 81, 82, 86, 87, 89, 90, 91, 95, 96, 98, 99], "summary": {"covered_lines": 50, "num_statements": 50, "percent_covered": 100.0, "percent_covered_display": "100", "missing_lines": 0, "excluded_lines": 0, "percent_statements_covered": 100.0, "percent_statements_covered_display": "100"}, "missing_lines": [], "excluded_lines": [], "start_line": 8}, "": {"executed_lines": [3, 4, 5, 8, 11, 19, 37, 51, 66, 73, 84, 93], "summary": {"covered_lines": 12, "num_statements": 12, "percent_covered": 100.0, "percent_covered_display": "100", "missing_lines": 0, "excluded_lines": 0, "percent_statements_covered": 100.0, "percent_statements_covered_display": "100"}, "missing_lines": [], "excluded_lines": [], "start_line": 1}}}, "tools/__init__.py": {"executed_lines": [3, 5], "summary": {"covered_lines": 2, "num_statements": 2, "percent_covered": 100.0, "percent_covered_display": "100", "missing_lines": 0, "excluded_lines": 0, "percent_statements_covered": 100.0, "percent_statements_covered_display": "100"}, "missing_lines": [], "excluded_lines": [], "functions": {"": {"executed_lines": [3, 5], "summary": {"covered_lines": 2, "num_statements": 2, "percent_covered": 100.0, "percent_covered_display": "100", "missing_lines": 0, "excluded_lines": 0, "percent_statements_covered": 100.0, "percent_statements_covered_display": "100"}, "missing_lines": [], "excluded_lines": [], "start_line": 1}}, "classes": {"": {"executed_lines": [3, 5], "summary": {"covered_lines": 2, "num_statements": 2, "percent_covered": 100.0, "percent_covered_display": "100", "missing_lines": 0, "excluded_lines": 0, "percent_statements_covered": 100.0, "percent_statements_covered_display": "100"}, "missing_lines": [], "excluded_lines": [], "start_line": 1}}}, "tools/definitions.py": {"executed_lines": [3, 6, 8, 77], "summary": {"covered_lines": 4, "num_statements": 4, "percent_covered": 100.0, "percent_covered_display": "100", "missing_lines": 0, "excluded_lines": 0, "percent_statements_covered": 100.0, "percent_statements_covered_display": "100"}, "missing_lines": [], "excluded_lines": [], "functions": {"create_tools_definition": {"executed_lines": [8, 77], "summary": {"covered_lines": 2, "num_statements": 2, "percent_covered": 100.0, "percent_covered_display": "100", "missing_lines": 0, "excluded_lines": 0, "percent_statements_covered": 100.0, "percent_statements_covered_display": "100"}, "missing_lines": [], "excluded_lines": [], "start_line": 6}, "": {"executed_lines": [3, 6], "summary": {"covered_lines": 2, "num_statements": 2, "percent_covered": 100.0, "percent_covered_display": "100", "missing_lines": 0, "excluded_lines": 0, "percent_statements_covered": 100.0, "percent_statements_covered_display": "100"}, "missing_lines": [], "excluded_lines": [], "start_line": 1}}, "classes": {"": {"executed_lines": [3, 6, 8, 77], "summary": {"covered_lines": 4, "num_statements": 4, "percent_covered": 100.0, "percent_covered_display": "100", "missing_lines": 0, "excluded_lines": 0, "percent_statements_covered": 100.0, "percent_statements_covered_display": "100"}, "missing_lines": [], "excluded_lines": [], "start_line": 1}}}}, "totals": {"covered_lines": 929, "num_statements": 1010, "percent_covered": 91.98019801980197, "percent_covered_display": "92", "missing_lines": 81, "excluded_lines": 0, "percent_statements_covered": 91.98019801980197, "percent_statements_covered_display": "92"}}